<?xml version="1.0" encoding="UTF-8"?>
<!-- Generated by org.testng.reporters.JUnitReportReporter -->
<testsuite hostname="MRIDULA-KEG9N97" failures="0" tests="2" name="crossBrowserTesting.TestScript" time="10.111" errors="0" timestamp="2024-05-02T16:45:23 IST" skipped="0">
  <testcase classname="crossBrowserTesting.TestScript" name="launch" time="7.108"/>
  <system-out>
    <![CDATA[Edge opened successfully]]>
  </system-out>
  <testcase classname="crossBrowserTesting.TestScript" name="launch" time="3.003"/>
  <system-out>
    <![CDATA[Chrome opened successfully]]>
  </system-out>
</testsuite> <!-- crossBrowserTesting.TestScript -->
