<?xml version="1.0" encoding="UTF-8"?>
<!-- Generated by org.testng.reporters.JUnitReportReporter -->
<testsuite hostname="MRIDULA-KEG9N97" failures="0" tests="4" name="testNG.ToLearnEnabled" time="18.576" errors="0" timestamp="2024-04-30T16:07:32 IST" skipped="1">
  <testcase classname="testNG.ToLearnEnabled" name="register" time="7.761"/>
  <system-out>
    <![CDATA[Register test case executed]]>
  </system-out>
  <testcase classname="testNG.ToLearnEnabled" name="register" time="9.015"/>
  <system-out>
    <![CDATA[Register test case executed]]>
  </system-out>
  <testcase classname="testNG.ToLearnEnabled" name="register" time="1.800"/>
  <system-out>
    <![CDATA[Register test case executed]]>
  </system-out>
  <testcase classname="testNG.ToLearnEnabled" name="login">
    <skipped/>
  </testcase> <!-- login -->
  <system-out/>
</testsuite> <!-- testNG.ToLearnEnabled -->
