<?xml version="1.0" encoding="UTF-8"?>
<!-- Generated by org.testng.reporters.JUnitReportReporter -->
<testsuite hostname="MRIDULA-KEG9N97" failures="0" tests="2" name="dataProvider.ToLearnDataProvider" time="7.706" errors="0" timestamp="2024-05-06T14:32:25 IST" skipped="0">
  <testcase classname="dataProvider.ToLearnDataProvider" name="login" time="3.039"/>
  <system-out>
    <![CDATA[user
user]]>
  </system-out>
  <testcase classname="dataProvider.ToLearnDataProvider" name="login" time="4.667"/>
  <system-out>
    <![CDATA[admin
admin]]>
  </system-out>
</testsuite> <!-- dataProvider.ToLearnDataProvider -->
