<?xml version="1.0" encoding="UTF-8"?>
<!-- Generated by org.testng.reporters.JUnitReportReporter -->
<testsuite hostname="MRIDULA-KEG9N97" failures="0" tests="1" name="configurationAnnotations.ConfigurationAnnotationEx" time="0.006" errors="0" timestamp="2024-05-01T12:43:24 IST" skipped="0">
  <testcase classname="configurationAnnotations.ConfigurationAnnotationEx" name="demo" time="0.006"/>
  <system-out>
    <![CDATA[@test]]>
  </system-out>
</testsuite> <!-- configurationAnnotations.ConfigurationAnnotationEx -->
