<?xml version="1.0" encoding="UTF-8"?>
<!-- Generated by org.testng.reporters.JUnitReportReporter -->
<testsuite hostname="MRIDULA-KEG9N97" failures="0" tests="2" name="testNG.ToLearnInvocationCount" time="9.166" errors="0" timestamp="2024-04-30T15:51:27 IST" skipped="0">
  <testcase classname="testNG.ToLearnInvocationCount" name="login" time="5.366"/>
  <system-out>
    <![CDATA[login testcase executed]]>
  </system-out>
  <testcase classname="testNG.ToLearnInvocationCount" name="login" time="3.800"/>
  <system-out>
    <![CDATA[login testcase executed]]>
  </system-out>
</testsuite> <!-- testNG.ToLearnInvocationCount -->
