<?xml version="1.0" encoding="UTF-8"?>
<!-- Generated by org.testng.reporters.JUnitReportReporter -->
<testsuite hostname="MRIDULA-KEG9N97" failures="0" tests="4" name="testNG.ToLearnThreadPollSize" time="54.551" errors="0" timestamp="2024-04-30T16:01:13 IST" skipped="0">
  <testcase classname="testNG.ToLearnThreadPollSize" name="register" time="14.370"/>
  <system-out>
    <![CDATA[Register testcase executed]]>
  </system-out>
  <testcase classname="testNG.ToLearnThreadPollSize" name="register" time="12.279"/>
  <system-out>
    <![CDATA[Register testcase executed]]>
  </system-out>
  <testcase classname="testNG.ToLearnThreadPollSize" name="login" time="12.307"/>
  <system-out>
    <![CDATA[login testcase executed]]>
  </system-out>
  <testcase classname="testNG.ToLearnThreadPollSize" name="login" time="15.595"/>
  <system-out>
    <![CDATA[login testcase executed]]>
  </system-out>
</testsuite> <!-- testNG.ToLearnThreadPollSize -->
