<?xml version="1.0" encoding="UTF-8"?>
<!-- Generated by org.testng.reporters.JUnitReportReporter -->
<testsuite hostname="MRIDULA-KEG9N97" failures="0" tests="2" name="testNG.ToLearnPriority" time="0.019" errors="0" timestamp="2024-04-30T15:39:13 IST" skipped="0">
  <testcase classname="testNG.ToLearnPriority" name="login" time="0.017"/>
  <system-out>
    <![CDATA[login testcase executed]]>
  </system-out>
  <testcase classname="testNG.ToLearnPriority" name="register" time="0.002"/>
  <system-out>
    <![CDATA[Register testcase executed]]>
  </system-out>
</testsuite> <!-- testNG.ToLearnPriority -->
