<?xml version="1.0" encoding="UTF-8"?>
<!-- Generated by org.testng.reporters.JUnitReportReporter -->
<testsuite hostname="MRIDULA-KEG9N97" failures="0" tests="1" name="assignmentBaseCls.ToOpenElectronics" time="4.128" errors="0" timestamp="2024-05-01T19:36:07 IST" skipped="0">
  <testcase classname="assignmentBaseCls.ToOpenElectronics" name="click" time="4.128"/>
  <system-out>
    <![CDATA[Electronics Clicked Successfully...!]]>
  </system-out>
</testsuite> <!-- assignmentBaseCls.ToOpenElectronics -->
