<?xml version="1.0" encoding="UTF-8"?>
<!-- Generated by org.testng.reporters.JUnitReportReporter -->
<testsuite hostname="MRIDULA-KEG9N97" failures="0" tests="1" name="cars.TataMotors" time="4.831" errors="0" timestamp="2024-05-01T18:54:31 IST" skipped="0">
  <testcase classname="cars.TataMotors" name="launchTataMotors" time="4.831"/>
  <system-out>
    <![CDATA[TataMotors Launched Successfully]]>
  </system-out>
</testsuite> <!-- cars.TataMotors -->
