<?xml version="1.0" encoding="UTF-8"?>
<!-- Generated by org.testng.reporters.JUnitReportReporter -->
<testsuite hostname="MRIDULA-KEG9N97" failures="0" tests="1" name="testNG.ToLearnTestNG" time="7.971" errors="0" timestamp="2024-04-30T15:56:15 IST" skipped="0">
  <testcase classname="testNG.ToLearnTestNG" name="demo" time="7.971"/>
  <system-out>
    <![CDATA[Welcome to Advance Selenium]]>
  </system-out>
</testsuite> <!-- testNG.ToLearnTestNG -->
