<?xml version="1.0" encoding="UTF-8"?>
<!-- Generated by org.testng.reporters.JUnitReportReporter -->
<testsuite hostname="MRIDULA-KEG9N97" failures="0" tests="1" name="assignmentBaseCls.ToOpenComputers" time="3.808" errors="0" timestamp="2024-05-01T19:38:57 IST" skipped="0">
  <testcase classname="assignmentBaseCls.ToOpenComputers" name="open" time="3.808"/>
  <system-out>
    <![CDATA[Computers is successfully Opened]]>
  </system-out>
</testsuite> <!-- assignmentBaseCls.ToOpenComputers -->
